<?xml version="1.0" encoding="UTF-8"?>
<testng-results skipped="0" failed="0" ignored="0" total="1" passed="1">
  <reporter-output>
  </reporter-output>
  <suite name="Default suite" duration-ms="1332" started-at="2019-01-31T12:24:36Z" finished-at="2019-01-31T12:24:37Z">
    <groups>
    </groups>
    <test name="Default test" duration-ms="1332" started-at="2019-01-31T12:24:36Z" finished-at="2019-01-31T12:24:37Z">
      <class name="cyclops.tests.CyclopsGetAPITest">
        <test-method status="PASS" signature="setup()[pri:0, instance:cyclops.tests.CyclopsGetAPITest@51565ec2]" name="setup" is-config="true" duration-ms="6" started-at="2019-01-31T12:24:36Z" finished-at="2019-01-31T12:24:36Z">
          <reporter-output>
          </reporter-output>
        </test-method> <!-- setup -->
        <test-method status="PASS" signature="getAPITest()[pri:0, instance:cyclops.tests.CyclopsGetAPITest@51565ec2]" name="getAPITest" duration-ms="1293" started-at="2019-01-31T12:24:36Z" finished-at="2019-01-31T12:24:37Z">
          <reporter-output>
          </reporter-output>
        </test-method> <!-- getAPITest -->
      </class> <!-- cyclops.tests.CyclopsGetAPITest -->
    </test> <!-- Default test -->
  </suite> <!-- Default suite -->
</testng-results>
