<?xml version="1.0" encoding="UTF-8"?>
<testng-results skipped="0" failed="0" ignored="0" total="1" passed="1">
  <reporter-output>
  </reporter-output>
  <suite name="Default suite" duration-ms="2731" started-at="2019-01-29T14:20:23Z" finished-at="2019-01-29T14:20:26Z">
    <groups>
    </groups>
    <test name="Default test" duration-ms="2731" started-at="2019-01-29T14:20:23Z" finished-at="2019-01-29T14:20:26Z">
      <class name="com.qa.tests.GetAPITest">
        <test-method status="PASS" signature="setup()[pri:0, instance:com.qa.tests.GetAPITest@51565ec2]" name="setup" is-config="true" duration-ms="14" started-at="2019-01-29T14:20:23Z" finished-at="2019-01-29T14:20:23Z">
          <reporter-output>
          </reporter-output>
        </test-method> <!-- setup -->
        <test-method status="PASS" signature="getAPITest()[pri:0, instance:com.qa.tests.GetAPITest@51565ec2]" name="getAPITest" duration-ms="2656" started-at="2019-01-29T14:20:23Z" finished-at="2019-01-29T14:20:26Z">
          <reporter-output>
          </reporter-output>
        </test-method> <!-- getAPITest -->
      </class> <!-- com.qa.tests.GetAPITest -->
    </test> <!-- Default test -->
  </suite> <!-- Default suite -->
</testng-results>
